






                      =============================
                       H A R T R E E - F O C K . 86
                      =============================


               THE DIMENSIONS FOR THE CURRENT VERSION ARE:
                          NWF= 30        NO=220



 START OF CASE
 =============





          WEAK ORTHOGONALIZATION DURING THE SCF CYCLE=   T
          SCF CONVERGENCE TOLERANCE (FUNCTIONS)      = 1.00D-08
          NUMBER OF POINTS IN THE MAXIMUM RANGE      = 220


          ITERATION NUMBER  1
          ----------------

          SCF CONVERGENCE CRITERIA (SCFTOL*SQRT(Z*NWF)) =   4.9D-08


                     EL         ED             AZ           NORM       DPM
                     1s     45.2648534     43.3887125   2.8264314    4.62D-02
                     2s      3.9674928     11.3159506   1.0351962    2.45D-01
                     2p      2.2840743     17.0604024   0.7913526    5.84D-01
                     2p      0.5402929     11.3454862   9.3129415    3.80D-01
                     2p      1.5010501     13.5786871   1.6017898    1.75D-01


      < 1s| 2s>= 1.2D-02


          ITERATION NUMBER  2
          ----------------

          SCF CONVERGENCE CRITERIA (SCFTOL*SQRT(Z*NWF)) =   9.8D-08


                     EL         ED             AZ           NORM       DPM
                     1s     41.2920940     43.1481592   1.0079292    1.14D-02
                     2s      2.5322694      9.8967661   1.1173073    1.03D-01
                     2p      1.3900663     14.5732780   1.0115408    6.32D-02
                     2s      2.4848940      9.7712216   1.0040429    5.65D-03
                     2p      1.2649968     14.6126586   1.0012725    8.64D-03


      < 1s| 2s>=-1.3D-04


          ITERATION NUMBER  3
          ----------------

          SCF CONVERGENCE CRITERIA (SCFTOL*SQRT(Z*NWF)) =   2.0D-07


                     EL         ED             AZ           NORM       DPM
                     1s     41.3410060     43.1555064   0.9998660    3.45D-04
                     2s      2.4906865      9.7933449   0.9994908    7.97D-04
                     2p      1.2649778     14.6355761   0.9997661    2.23D-03
                     2p      1.2637781     14.6391096   1.0000058    3.47D-04
                     2s      2.4887012      9.7900187   1.0000928    1.70D-04


      < 1s| 2s>=-1.4D-05


          ITERATION NUMBER  4
          ----------------

          SCF CONVERGENCE CRITERIA (SCFTOL*SQRT(Z*NWF)) =   3.9D-07


                     EL         ED             AZ           NORM       DPM
                     1s     41.3374949     43.1551785   0.9999993    1.06D-05
                     2s      2.4887340      9.7906145   0.9999998    1.27D-05
                     2p      1.2638908     14.6407003   0.9999745    6.12D-05
                     2p      1.2637741     14.6405619   1.0000090    1.60D-05
                     2p      1.2638070     14.6405963   0.9999992    1.83D-06


      < 1s| 2s>= 6.0D-07


          ITERATION NUMBER  5
          ----------------

          SCF CONVERGENCE CRITERIA (SCFTOL*SQRT(Z*NWF)) =   7.8D-07


                     EL         ED             AZ           NORM       DPM
                     1s     41.3372959     43.1551768   0.9999998    4.64D-07
                     2s      2.4886287      9.7904942   1.0000032    7.78D-06
                     2p      1.2638171     14.6406472   0.9999985    2.33D-06
                     2s      2.4886292      9.7904944   1.0000000    3.03D-07
                     2p      1.2638124     14.6406560   1.0000000    2.72D-07


      < 1s| 2s>= 2.7D-08


          ITERATION NUMBER  6
          ----------------

          SCF CONVERGENCE CRITERIA (SCFTOL*SQRT(Z*NWF)) =   1.6D-06


                     EL         ED             AZ           NORM       DPM
                     1s     41.3373140     43.1551771   1.0000000    8.98D-09
                     2s      2.4886292      9.7904937   1.0000000    2.37D-08
                     2p      1.2638123     14.6406586   1.0000000    7.17D-08


      < 1s| 2s>= 6.2D-09


 END OF CASE
 ===========


