






                      =============================
                       H A R T R E E - F O C K . 86
                      =============================


               THE DIMENSIONS FOR THE CURRENT VERSION ARE:
                          NWF= 30        NO=220



 START OF CASE
 =============





          WEAK ORTHOGONALIZATION DURING THE SCF CYCLE=   T
          SCF CONVERGENCE TOLERANCE (FUNCTIONS)      = 1.00D-08
          NUMBER OF POINTS IN THE MAXIMUM RANGE      = 220


          ITERATION NUMBER  1
          ----------------

          SCF CONVERGENCE CRITERIA (SCFTOL*SQRT(Z*NWF)) =   4.2D-08


                     EL         ED             AZ           NORM       DPM
                     1s     24.8542952     27.8377575   0.9712116    5.61D-02
                     2s      2.0985219      7.0068462   1.4405727    3.15D-01
                     2p      1.0450091      5.9389501   0.6852827    4.72D-01
                     2p      0.7396842      5.7030601   1.0870865    5.75D-02
                     2s      1.3731900      5.6946436   1.1596878    8.45D-02


      < 1s| 2s>=-2.5D-03


          ITERATION NUMBER  2
          ----------------

          SCF CONVERGENCE CRITERIA (SCFTOL*SQRT(Z*NWF)) =   8.5D-08


                     EL         ED             AZ           NORM       DPM
                     1s     22.7333006     27.6728447   1.0101625    8.57D-03
                     2s      1.4491599      5.9775826   0.9834575    1.35D-02
                     2p      0.8755453      6.0128616   0.9901850    2.35D-02
                     2p      0.8622908      6.0455064   0.9989679    1.89D-03
                     2s      1.4104150      5.8850749   1.0068296    5.65D-03


      < 1s| 2s>=-4.9D-04


          ITERATION NUMBER  3
          ----------------

          SCF CONVERGENCE CRITERIA (SCFTOL*SQRT(Z*NWF)) =   1.7D-07


                     EL         ED             AZ           NORM       DPM
                     1s     22.6586613     27.6787003   0.9999084    2.48D-04
                     2s      1.4140007      5.9017358   0.9996376    3.27D-04
                     2p      0.8675135      6.0739653   0.9986944    2.06D-03
                     2p      0.8664564      6.0794970   0.9997584    4.14D-04
                     2p      0.8663205      6.0826090   0.9999050    1.74D-04


      < 1s| 2s>= 4.7D-05


          ITERATION NUMBER  4
          ----------------

          SCF CONVERGENCE CRITERIA (SCFTOL*SQRT(Z*NWF)) =   3.4D-07


                     EL         ED             AZ           NORM       DPM
                     1s     22.6501215     27.6778049   0.9999996    4.84D-05
                     2s      1.4111866      5.8971837   1.0002299    4.18D-04
                     2p      0.8668047      6.0851853   0.9998799    1.85D-04
                     2s      1.4112894      5.8973343   0.9999849    1.39D-05
                     2p      0.8666882      6.0857802   0.9999853    2.74D-05


      < 1s| 2s>= 9.5D-07


          ITERATION NUMBER  5
          ----------------

          SCF CONVERGENCE CRITERIA (SCFTOL*SQRT(Z*NWF)) =   6.8D-07


                     EL         ED             AZ           NORM       DPM
                     1s     22.6510397     27.6778741   0.9999995    3.06D-06
                     2s      1.4112545      5.8972498   1.0000042    4.75D-06
                     2p      0.8666826      6.0859168   0.9999977    5.14D-06
                     2p      0.8666808      6.0859392   0.9999999    6.34D-07
                     2s      1.4112545      5.8972542   0.9999996    6.33D-07


      < 1s| 2s>= 1.7D-07


          ITERATION NUMBER  6
          ----------------

          SCF CONVERGENCE CRITERIA (SCFTOL*SQRT(Z*NWF)) =   1.4D-06


                     EL         ED             AZ           NORM       DPM
                     1s     22.6510376     27.6778689   1.0000000    2.50D-07
                     2s      1.4112547      5.8972537   0.9999997    2.58D-07
                     2p      0.8666811      6.0859438   0.9999999    1.59D-07


      < 1s| 2s>= 3.5D-08


          ITERATION NUMBER  7
          ----------------

          SCF CONVERGENCE CRITERIA (SCFTOL*SQRT(Z*NWF)) =   2.7D-06


                     EL         ED             AZ           NORM       DPM
                     1s     22.6510374     27.6778691   1.0000000    1.33D-08
                     2s      1.4112545      5.8972528   1.0000000    1.96D-08
                     2p      0.8666810      6.0859443   1.0000000    1.29D-08


      < 1s| 2s>= 5.7D-09


 END OF CASE
 ===========


