






                      =============================
                       H A R T R E E - F O C K . 86
                      =============================


               THE DIMENSIONS FOR THE CURRENT VERSION ARE:
                          NWF= 30        NO=220



 START OF CASE
 =============





          WEAK ORTHOGONALIZATION DURING THE SCF CYCLE=   T
          SCF CONVERGENCE TOLERANCE (FUNCTIONS)      = 1.00D-08
          NUMBER OF POINTS IN THE MAXIMUM RANGE      = 220


          ITERATION NUMBER  1
          ----------------

          SCF CONVERGENCE CRITERIA (SCFTOL*SQRT(Z*NWF)) =   6.6D-08

          C( 1s 3s) =    -0.02658   V( 1s 3s) =   -44.57684   EPS = 0.000596
          C( 2s 3s) =    -0.02542   V( 2s 3s) =    -4.04308   EPS = 0.006287
          E( 3s 1s) =    -0.00010   E( 1s 3s) =    -0.00005
          E( 3s 2s) =    -0.00092   E( 2s 3s) =    -0.00046

                     EL         ED             AZ           NORM       DPM
                     1s     89.7952741     70.8561758   0.9408489    1.34D-01
                     2s      8.2302472     20.1156527   4.2260936    2.53D-01
                     2p      5.9990389     47.1758552   1.1692409    7.12D-01
                     3s      0.2361538      2.7551410   0.1779118    4.55D-01
                     2p      1.8559503     29.5154528   1.7047100    3.71D-01
                     2p      3.8376785     38.4684742   4.1864871    2.57D-01
                     2p      2.9138890     37.7766615   1.0282187    3.61D-02


      < 1s| 2s>= 1.7D-02
      < 1s| 3s>= 4.1D-03
      < 2s| 3s>= 2.1D-01


          ITERATION NUMBER  2
          ----------------

          SCF CONVERGENCE CRITERIA (SCFTOL*SQRT(Z*NWF)) =   1.3D-07

          C( 1s 3s) =     0.02092   V( 1s 3s) =   -40.23431   EPS =-0.000520
          C( 2s 3s) =     0.06233   V( 2s 3s) =    -2.67479   EPS =-0.023302
          E( 3s 1s) =     0.00015   E( 1s 3s) =     0.00007
          E( 3s 2s) =     0.00225   E( 2s 3s) =     0.00112

                     EL         ED             AZ           NORM       DPM
                     1s     80.7417073     70.2693642   1.0126272    1.87D-02
                     2s      5.6177599     17.1655919   1.1523412    1.41D-01
                     2p      3.3597620     38.8524599   0.9957212    2.51D-02
                     3s      0.3553392      2.6220960   0.6368376    8.60D-01
                     3s      0.3638514      2.4736456   1.0543093    1.81D-02
                     2s      5.5800460     17.1348298   0.9996324    4.19D-03
                     2p      3.0212826     38.7906074   1.0021052    4.89D-03


      < 1s| 2s>=-1.5D-04
      < 1s| 3s>= 7.2D-05
      < 2s| 3s>=-6.3D-03


          ITERATION NUMBER  3
          ----------------

          SCF CONVERGENCE CRITERIA (SCFTOL*SQRT(Z*NWF)) =   2.7D-07

          C( 1s 3s) =    -0.00005   V( 1s 3s) =   -40.22458   EPS = 0.000001
          C( 2s 3s) =    -0.00164   V( 2s 3s) =    -2.54982   EPS = 0.000642
          E( 3s 1s) =     0.00021   E( 1s 3s) =     0.00011
          E( 3s 2s) =     0.00302   E( 2s 3s) =     0.00151

                     EL         ED             AZ           NORM       DPM
                     1s     80.9731471     70.2917913   1.0000165    5.24D-04
                     2s      5.5992338     17.1673418   0.9996536    9.20D-04
                     2p      3.0400259     38.8479494   0.9996142    8.04D-04
                     3s      0.3641692      2.5791058   0.9960298    7.63D-04
                     2p      3.0349360     38.8412201   1.0001239    3.05D-04
                     2s      5.5945807     17.1637926   1.0000602    1.52D-04
                     3s      0.3642226      2.5792466   1.0000298    1.31D-04


      < 1s| 2s>= 1.0D-05
      < 1s| 3s>= 1.4D-06
      < 2s| 3s>=-3.5D-05


          ITERATION NUMBER  4
          ----------------

          SCF CONVERGENCE CRITERIA (SCFTOL*SQRT(Z*NWF)) =   5.3D-07

          C( 1s 3s) =     0.00007   V( 1s 3s) =   -40.21702   EPS =-0.000002
          C( 2s 3s) =     0.00003   V( 2s 3s) =    -2.54741   EPS =-0.000012
          E( 3s 1s) =     0.00022   E( 1s 3s) =     0.00011
          E( 3s 2s) =     0.00310   E( 2s 3s) =     0.00155

                     EL         ED             AZ           NORM       DPM
                     1s     80.9584907     70.2904543   0.9999892    3.46D-05
                     2s      5.5946597     17.1641262   0.9999901    3.76D-05
                     2p      3.0368018     38.8486448   0.9999339    1.47D-04
                     3s      0.3641974      2.5799375   1.0000323    5.37D-05
                     2p      3.0359767     38.8457082   1.0000304    6.91D-05
                     2p      3.0363925     38.8468905   0.9999843    3.53D-05
                     2p      3.0362322     38.8467730   1.0000021    4.79D-06


      < 1s| 2s>= 2.5D-06
      < 1s| 3s>= 2.5D-07
      < 2s| 3s>= 2.3D-05


          ITERATION NUMBER  5
          ----------------

          SCF CONVERGENCE CRITERIA (SCFTOL*SQRT(Z*NWF)) =   1.1D-06

          C( 1s 3s) =     0.00001   V( 1s 3s) =   -40.21626   EPS =-0.000000
          C( 2s 3s) =     0.00003   V( 2s 3s) =    -2.54713   EPS =-0.000010
          E( 3s 1s) =     0.00022   E( 1s 3s) =     0.00011
          E( 3s 2s) =     0.00310   E( 2s 3s) =     0.00155

                     EL         ED             AZ           NORM       DPM
                     1s     80.9569201     70.2903976   0.9999988    3.29D-06
                     2s      5.5940568     17.1634766   1.0000088    2.93D-05
                     2p      3.0363113     38.8469479   0.9999979    4.84D-06
                     3s      0.3642052      2.5799156   0.9999353    1.52D-05
                     2s      5.5940502     17.1634631   1.0000002    7.33D-07
                     3s      0.3642052      2.5799071   1.0000033    6.77D-07
                     2p      3.0362788     38.8469464   1.0000002    4.93D-07


      < 1s| 2s>= 9.1D-09
      < 1s| 3s>=-4.1D-09
      < 2s| 3s>=-1.8D-07


          ITERATION NUMBER  6
          ----------------

          SCF CONVERGENCE CRITERIA (SCFTOL*SQRT(Z*NWF)) =   2.1D-06

          C( 1s 3s) =    -0.00000   V( 1s 3s) =   -40.21629   EPS = 0.000000
          C( 2s 3s) =    -0.00000   V( 2s 3s) =    -2.54712   EPS = 0.000000
          E( 3s 1s) =     0.00022   E( 1s 3s) =     0.00011
          E( 3s 2s) =     0.00310   E( 2s 3s) =     0.00155

                     EL         ED             AZ           NORM       DPM
                     1s     80.9570037     70.2904010   1.0000000    7.99D-08
                     2s      5.5940532     17.1634646   1.0000000    1.05D-07
                     2p      3.0362808     38.8469525   1.0000000    8.67D-08
                     3s      0.3642053      2.5799115   0.9999994    1.43D-07


      < 1s| 2s>= 4.8D-09
      < 1s| 3s>= 1.2D-09
      < 2s| 3s>= 9.2D-09


          ITERATION NUMBER  7
          ----------------

          SCF CONVERGENCE CRITERIA (SCFTOL*SQRT(Z*NWF)) =   4.2D-06

          C( 1s 3s) =     0.00000   V( 1s 3s) =   -40.21629   EPS =-0.000000
          C( 2s 3s) =     0.00000   V( 2s 3s) =    -2.54712   EPS =-0.000000
          E( 3s 1s) =     0.00022   E( 1s 3s) =     0.00011
          E( 3s 2s) =     0.00310   E( 2s 3s) =     0.00155

                     EL         ED             AZ           NORM       DPM
                     1s     80.9570018     70.2904008   1.0000000    5.22D-09
                     2s      5.5940526     17.1634643   1.0000000    2.18D-08
                     2p      3.0362804     38.8469525   1.0000000    2.07D-08
                     3s      0.3642053      2.5799116   1.0000000    9.35D-09


      < 1s| 2s>= 3.6D-09
      < 1s| 3s>= 5.7D-10
      < 2s| 3s>=-1.2D-09


 END OF CASE
 ===========


