
 =================================================================

  PARSEC 1.3.6 - Real-space DFT Program
  partial support for wire boundary conditions

  serial run, no MPI interface

 starting run on 06-MAR-2018 16:26:27 -0300 UTC

 =================================================================

 Initial Run - starting from atomic potentials

 Grid data:
 ----------

 Confined system (cluster) with zero boundary condition!
 Boundary sphere size is   4.000000 bohrs
 Grid spacing is  0.500000 bohrs
 Grid points are shifted from origin! 
 shift vector =   0.5000  0.5000  0.5000   [units of grid spacing]
 WAVEFUNCTIONS ARE REAL!
 Finite-difference expansion of order 12

 Eigenvalue data: 
 ---------------- 
 Number of states:           10
 Net cluster charge = -1.00      [e] 

 Fermi temperature =   80.0 [K]

 Self-consistency data: 
 ----------------------
 Maximum number of iterations is           50
 Using DIAGLA (block preconditioned Lanczos eigen-problem solver)


 No Chebyshev subspace filtering

 Self-consistency convergence criterion is  0.00020 Ry
 Self-consistency convergence indicator criterion is  0.02000 Ry
 If applicable, Chebyshev polynomial order will decrease to 
 10 after SRE becomes less than the self-consistency 
 convergence indicator.
 Diagonalization tolerance is     0.00010
 Buffer size in subspace is      5


 Mixer data:
 -----------
 Anderson mixer
 Initial Jacobian:  0.300  Mixing memory is  4
 Mixing restarted after           20  iterations

 Atom data:
 ----------

 Total # of atom types is     1

 Atom coordinates input in Bohr radii


 Chemical element : F
 martins_new                                                 
  pseudopotential format : new Martins
 There are      2 F  atoms
 and their initial coordinates are:

    x [bohr]          y [bohr]          z [bohr]     movable?
    1.492500000       0.000000000       0.000000000      1
   -1.492500000       0.000000000       0.000000000      1

 Total number of atoms =       2

 Correlation data:
 -----------------
 Exchange-Correlation functional is ca
 LDA, Ceperley-Alder, Perdew-Zunger parametrization

 Other input data:
 -----------------
 Writing only wave functions of occupied levels to parsec.dat file

 Spin-polarized computation!

 Initial spin polarization: 
  F          0.1000


 Using new (r*V_ps) interpolation of pseudopot. !

 output level [1 - 6] =  0

 No eigenvalue output File!
 outevflag =            0

 No minimization!

 No molecular dynamics!
 No polarizability!



 Pseudopotential messages
 ------------------------

 Pseudopotential file for atom type  1 is F_POTRE.DAT
New Martins generator


F   ca  nrl  nc  
  atom 5.69pTODAY       Improved Troullier - Martins potential
 2s(  2.00)  rc= 1.292p(  5.00)  rc= 1.29

 ion charge =  7.000    

 logarithmic parameters of pseudopot. radial grid
 r(i) = a*Exp(b(i-1)) - c
 F :   a [bohr] = 0.275417E-03  b = 0.125000E-01  c [bohr] = 0.275417E-03

 NOTICE: No Core-Correction !

 Occupancy of orbitals : 
   2.000   5.000
 # of pseudopot= 2, Local component is l = 1, Core radius [bohr] =  1.30

 Using order          18 for calculating dV/dr in pseudo

 Normalization check and Kleinman-Bylander Integral

                                 s                 p                 d
  F    Normalization        1.00002604        1.00002604
  F    K-B Int. [Ry]        2.98746106        0.00000000

 K-B Energy Integrals renormalized to unity


 Symmetry Properties:
 --------------------

 The crystallographic system is cubic with operations: 
       1  2  3  4  5  6  7  8  9 10 11 12 13 14 15 16
      17 18 19 20 21 22 23 24 25 26 27 28 29 30 31 32
      33 34 35 36 37 38 39 40 41 42 43 44 45 46 47 48


 The space group of the crystal is symmorphic
 (this usually means that symmetry operations do not
 involve rotations and translations simultaneously)

 Operation number: 
       1  2  3  4 17 18 19 20 25 26 27 28
      41 42 43 44


    Rotation matrices (r-lattice) and fractional translations (r-lattice)

    1     1  0  0     0  1  0     0  0  1     -0.00000 -0.00000 -0.00000   E  
    2     1  0  0     0 -1  0     0  0 -1     -0.00000 -0.00000 -0.00000   C2 
    3    -1  0  0     0  1  0     0  0 -1     -0.00000 -0.00000 -0.00000   C2 
    4    -1  0  0     0 -1  0     0  0  1     -0.00000 -0.00000 -0.00000   C2 
    5    -1  0  0     0  0 -1     0 -1  0     -0.00000 -0.00000 -0.00000   C2 
    6    -1  0  0     0  0  1     0  1  0     -0.00000 -0.00000 -0.00000   C2 
    7     1  0  0     0  0  1     0 -1  0     -0.00000 -0.00000 -0.00000   C4 
    8     1  0  0     0  0 -1     0  1  0     -0.00000 -0.00000 -0.00000   C4 
    9    -1  0  0     0 -1  0     0  0 -1     -0.00000 -0.00000 -0.00000   IE 
   10    -1  0  0     0  1  0     0  0  1     -0.00000 -0.00000 -0.00000   IC2
   11     1  0  0     0 -1  0     0  0  1     -0.00000 -0.00000 -0.00000   IC2
   12     1  0  0     0  1  0     0  0 -1     -0.00000 -0.00000 -0.00000   IC2
   13     1  0  0     0  0  1     0  1  0     -0.00000 -0.00000 -0.00000   IC2
   14     1  0  0     0  0 -1     0 -1  0     -0.00000 -0.00000 -0.00000   IC2
   15    -1  0  0     0  0 -1     0  1  0     -0.00000 -0.00000 -0.00000   IC4
   16    -1  0  0     0  0  1     0 -1  0     -0.00000 -0.00000 -0.00000   IC4

  Found Abelian subgroup D_2h  with            8  symmetry operations

  Character table : character = exp(i*Pi*x/3)
----------------------------------------------------------
 Representation |    E   C2   C2   C2   IE  IC2  IC2  IC2
   Ag      1   |     0    0    0    0    0    0    0    0
   B1g     2   |     0    0    3    3    0    0    3    3
   B2g     3   |     0    3    0    3    0    3    0    3
   B3g     4   |     0    3    3    0    0    3    3    0
   Au      5   |     0    0    0    0    3    3    3    3
   B1u     6   |     0    0    3    3    3    3    0    0
   B2u     7   |     0    3    0    3    3    0    3    0
   B3u     8   |     0    3    3    0    3    0    0    3
----------------------------------------------------------
 Operation number:   1    2    3    4    9   10   11   12

                     ********************                    

  Distributing            1  processors among            1  groups.
  Each group contains            1  processors.

                     ********************                    

 Setup messages:
 ---------------
 The Hamiltonian matrix size is        2176
  reduced size is          272
  maximum distance between grid points and their images is
   0.000      [bohr]

 There are 36 laplacian-related non-diagonal elements per row

  Maximum number of matrix-vector operations =        30000


 Non-local pseudopotential messages:
 -----------------------------------
 Max # of nonlocal points for one atom =           84

 Sizes of all non-local blocks 
    84    84


 Memory usage:
 -------------
 estimated memory usage (no MPI)  :     0.65 MB

 Total electron charge from atomic density [e] =       13.976    
 Renormalizing charge density
 Initial magnetic moment [Bohr magnetons] =      3.00000
 Total electron charge from atomic density [e] =       15.000    

 Max and min values of charge density [e/bohr^3]:  0.1889E+01  0.1670E-03   up

 Max and min values of charge density [e/bohr^3]:  0.1546E+01  0.1366E-03   dn

 Hartree potential time [sec]:       0.01


Setup time [sec] :       0.05

 -----------------------------------------------------------------

  SPIN UP
 Number of converged eigen-pairs per representation: 
      6      6      6      6      6      6      6      6
   total =      48
 Number of matrix-vector multiplications: 
    137    144    156    144    156    144    143    138
   total =    1162
 cumulated number of matrix-vector multiplications =        1162
  SPIN DOWN
 Number of converged eigen-pairs per representation: 
      6      6      6      6      6      6      6      6
   total =      48
 Number of matrix-vector multiplications: 
    134    149    154    145    156    144    139    138
   total =    1159
 cumulated number of matrix-vector multiplications =        2321

 Diagonalization time [sec] :       0.26,      tdiag_sum =        0.26


 Electrons in up, down spins:    8.00    7.00
 Net magnetic moment (in Bohr magnetons):    1.00

 Fermi level at    -0.0250 [Ry]

up State   Eigenvalue [Ry]      Eigenvalue [eV]    Occup.     Repr.

    1        -1.5127023030       -20.5815249935    1.0000        1
    2        -1.2792254444       -17.4048855508    1.0000        6
    3        -0.4827893259        -6.5687350099    1.0000        1
    4        -0.3972813139        -5.4053301002    1.0000        7
    5        -0.3972813133        -5.4053300922    1.0000        8
    6        -0.2813323140        -3.8277511974    1.0000        4
    7        -0.2813323135        -3.8277511907    1.0000        3
    8        -0.0558854953        -0.7603668713    1.0000        6
    9         1.4654414187        19.9385028543    0.0000        1
   10         1.6222627611        22.0721826745    0.0000        7


dn State   Eigenvalue [Ry]      Eigenvalue [eV]    Occup.     Repr.

    1        -1.4044680850       -19.1089118704    1.0000        1
    2        -1.1662785769       -15.8681530617    1.0000        6
    3        -0.3645316755        -4.9597450700    1.0000        1
    4        -0.2830351144        -3.8509191596    1.0000        7
    5        -0.2830351138        -3.8509191513    1.0000        8
    6        -0.1602945080        -2.1809350171    1.0000        4
    7        -0.1602945075        -2.1809350102    1.0000        3
    8         0.0742226867         1.0098590306    0.0000        6
    9         1.4981375859        20.3833603656    0.0000        1
   10         1.6610332225        22.5996858182    0.0000        7


 Max and min values of charge density [e/bohr^3]:  0.1214E+01  0.4161E-05   up

 Max and min values of charge density [e/bohr^3]:  0.1039E+01  0.5146E-05   dn

 Hartree potential time [sec]:       0.00


   Eigenvalue Energy             =          -8.50976740 [Ry]
   Hartree Energy                =         144.76497183 [Ry]
   Integral_{Vxc*rho}            =         -27.74879795 [Ry]
   Exc = Integral{eps_xc*rho}    =         -21.12425515 [Ry]
   Electron-Ion energy           =        -357.63786112 [Ry]
   Ion-Ion Energy                =          32.83082077 [Ry]

   Total Energy =           -98.10505700 [Ry]
   Energy/atom  =          -667.39889223 [eV]


  0-  1 up SRE of pot. & charge weighted pot =   1.9323437076    1.2214093294


  0-  1 dn SRE of pot. & charge weighted pot =   1.8047721674    1.1612003631

  SPIN UP
 Number of converged eigen-pairs per representation: 
      6      5      6      6      5      6      6      6
   total =      46
 Number of matrix-vector multiplications: 
    104     86    105    105     88    103    106    106
   total =     803
 cumulated number of matrix-vector multiplications =        3124
  SPIN DOWN
 Number of converged eigen-pairs per representation: 
      6      5      6      6      5      6      6      6
   total =      46
 Number of matrix-vector multiplications: 
    106     85    109    109     87    105    108    108
   total =     817
 cumulated number of matrix-vector multiplications =        3941

 Diagonalization time [sec] :       0.15,      tdiag_sum =        0.40


 Electrons in up, down spins:    8.00    7.00
 Net magnetic moment (in Bohr magnetons):    1.00

 Fermi level at     0.3578 [Ry]

up State   Eigenvalue [Ry]      Eigenvalue [eV]    Occup.     Repr.

    1        -1.2386876139       -16.8533359378    1.0000        1
    2        -0.9731007103       -13.2398136448    1.0000        6
    3        -0.1659453340        -2.2578190255    1.0000        1
    4        -0.0859212776        -1.1690277181    1.0000        8
    5        -0.0859212626        -1.1690275153    1.0000        7
    6         0.0560117583         0.7620847805    1.0000        3
    7         0.0560117744         0.7620850008    1.0000        4
    8         0.2910367043         3.9597871908    1.0000        6
    9         1.5518211254        21.1137678676    0.0000        1
   10         1.7337719312        23.5893541411    0.0000        7


dn State   Eigenvalue [Ry]      Eigenvalue [eV]    Occup.     Repr.

    1        -1.1445366606       -15.5723368968    1.0000        1
    2        -0.8770729458       -11.9332790865    1.0000        6
    3        -0.0592089973        -0.8055857748    1.0000        1
    4         0.0074299403         0.1010902813    1.0000        8
    5         0.0074299493         0.1010904039    1.0000        7
    6         0.1573271296         2.1405614593    1.0000        3
    7         0.1573271402         2.1405616045    1.0000        4
    8         0.4156564767         5.6553388910    0.0000        6
    9         1.5783558203        21.4747936198    0.0000        1
   10         1.7663908064        24.0331600339    0.0000        7


 Max and min values of charge density [e/bohr^3]:  0.1123E+01  0.7568E-05   up

 Max and min values of charge density [e/bohr^3]:  0.9427E+00  0.9221E-05   dn

 Hartree potential time [sec]:       0.00


   Eigenvalue Energy             =          -3.89782041 [Ry]
   Hartree Energy                =         139.66413656 [Ry]
   Integral_{Vxc*rho}            =         -26.55734762 [Ry]
   Exc = Integral{eps_xc*rho}    =         -20.22407578 [Ry]
   Electron-Ion energy           =        -346.24254739 [Ry]
   Ion-Ion Energy                =          32.83082077 [Ry]
   (E(new)-E(old))/atom  =            -3.18955686 [eV]

   Total Energy =           -98.57390952 [Ry]
   Energy/atom  =          -670.58844910 [eV]


  0-  2 up SRE of pot. & charge weighted pot =   0.8537728422    0.4546344245


  0-  2 dn SRE of pot. & charge weighted pot =   0.7632708368    0.4209260288

  SPIN UP
 Number of converged eigen-pairs per representation: 
      6      5      6      6      5      6      6      6
   total =      46
 Number of matrix-vector multiplications: 
    104     86    105    105     87    101    101    102
   total =     791
 cumulated number of matrix-vector multiplications =        4732
  SPIN DOWN
 Number of converged eigen-pairs per representation: 
      6      5      6      6      5      6      6      6
   total =      46
 Number of matrix-vector multiplications: 
    102     84    106    106     83    101    102    102
   total =     786
 cumulated number of matrix-vector multiplications =        5518

 Diagonalization time [sec] :       0.13,      tdiag_sum =        0.54


 Electrons in up, down spins:    8.00    7.00
 Net magnetic moment (in Bohr magnetons):    1.00

 Fermi level at     0.5733 [Ry]

up State   Eigenvalue [Ry]      Eigenvalue [eV]    Occup.     Repr.

    1        -1.0597462873       -14.4186960354    1.0000        1
    2        -0.7664189335       -10.4277427257    1.0000        6
    3         0.0381637573         0.5192484490    1.0000        1
    4         0.1162033792         1.5810399365    1.0000        8
    5         0.1162033851         1.5810400166    1.0000        7
    6         0.2787346421         3.7924077936    1.0000        3
    7         0.2787346488         3.7924078846    1.0000        4
    8         0.5100694590         6.9399030454    1.0000        6
    9         1.6161510577        21.9890280615    0.0000        1
   10         1.8193889400        24.7542420400    0.0000        7


dn State   Eigenvalue [Ry]      Eigenvalue [eV]    Occup.     Repr.

    1        -0.9796124846       -13.3284115429    1.0000        1
    2        -0.6881090647        -9.3622743122    1.0000        6
    3         0.1336777992         1.8187934002    1.0000        1
    4         0.1883278509         2.5623510736    1.0000        8
    5         0.1883278537         2.5623511115    1.0000        7
    6         0.3592777936         4.8882618043    1.0000        3
    7         0.3592777974         4.8882618560    1.0000        4
    8         0.6309160339         8.5841173737    0.0000        6
    9         1.6352721414        22.2491857018    0.0000        1
   10         1.8434579521        25.0817202041    0.0000        7


 Max and min values of charge density [e/bohr^3]:  0.1068E+01  0.1105E-04   up

 Max and min values of charge density [e/bohr^3]:  0.8814E+00  0.1322E-04   dn

 Hartree potential time [sec]:       0.01


   Eigenvalue Energy             =          -0.92688840 [Ry]
   Hartree Energy                =         136.37208930 [Ry]
   Integral_{Vxc*rho}            =         -25.78738859 [Ry]
   Exc = Integral{eps_xc*rho}    =         -19.64224485 [Ry]
   Electron-Ion energy           =        -338.77651184 [Ry]
   Ion-Ion Energy                =          32.83082077 [Ry]
   (E(new)-E(old))/atom  =            -0.47847648 [eV]

   Total Energy =           -98.64424372 [Ry]
   Energy/atom  =          -671.06692557 [eV]


  0-  3 up SRE of pot. & charge weighted pot =   0.1600113088    0.0471178478


  0-  3 dn SRE of pot. & charge weighted pot =   0.1327543037    0.0441058558

  SPIN UP
 Number of converged eigen-pairs per representation: 
      6      5      6      6      5      6      6      6
   total =      46
 Number of matrix-vector multiplications: 
     94     79    101    101     78     96    100    100
   total =     749
 cumulated number of matrix-vector multiplications =        6267
  SPIN DOWN
 Number of converged eigen-pairs per representation: 
      6      5      6      6      5      6      6      6
   total =      46
 Number of matrix-vector multiplications: 
     93     81    100    100     80     95     98     98
   total =     745
 cumulated number of matrix-vector multiplications =        7012

 Diagonalization time [sec] :       0.12,      tdiag_sum =        0.66


 Electrons in up, down spins:    8.00    7.00
 Net magnetic moment (in Bohr magnetons):    1.00

 Fermi level at     0.5705 [Ry]

up State   Eigenvalue [Ry]      Eigenvalue [eV]    Occup.     Repr.

    1        -1.0673358085       -14.5219575433    1.0000        1
    2        -0.7667730495       -10.4325607566    1.0000        6
    3         0.0224041686         0.3048266366    1.0000        1
    4         0.1153053444         1.5688214542    1.0000        7
    5         0.1153053450         1.5688214625    1.0000        8
    6         0.2756159030         3.7499748526    1.0000        4
    7         0.2756159034         3.7499748588    1.0000        3
    8         0.4822097838         6.5608498760    1.0000        6
    9         1.6271777663        22.1390552522    0.0000        1
   10         1.8292704418        24.8886877772    0.0000        7


dn State   Eigenvalue [Ry]      Eigenvalue [eV]    Occup.     Repr.

    1        -0.9957794700       -13.5483763134    1.0000        1
    2        -0.7005874564        -9.5320528144    1.0000        6
    3         0.1125535210         1.5313806957    1.0000        1
    4         0.1745721321         2.3751935144    1.0000        7
    5         0.1745721332         2.3751935296    1.0000        8
    6         0.3425834469         4.6611218624    1.0000        4
    7         0.3425834478         4.6611218747    1.0000        3
    8         0.6039542664         8.2172809584    0.0000        6
    9         1.6396012943        22.3080872895    0.0000        1
   10         1.8443766586        25.0942199410    0.0000        7


 Max and min values of charge density [e/bohr^3]:  0.1086E+01  0.1044E-04   up

 Max and min values of charge density [e/bohr^3]:  0.8940E+00  0.1236E-04   dn

 Hartree potential time [sec]:       0.00


   Eigenvalue Energy             =          -1.09715466 [Ry]
   Hartree Energy                =         137.18831823 [Ry]
   Integral_{Vxc*rho}            =         -25.96635165 [Ry]
   Exc = Integral{eps_xc*rho}    =         -19.77744204 [Ry]
   Electron-Ion energy           =        -340.62563307 [Ry]
   Ion-Ion Energy                =          32.83082077 [Ry]
   (E(new)-E(old))/atom  =            -0.00885744 [eV]

   Total Energy =           -98.64554573 [Ry]
   Energy/atom  =          -671.07578301 [eV]


  0-  4 up SRE of pot. & charge weighted pot =   0.0817745551    0.0490543417


  0-  4 dn SRE of pot. & charge weighted pot =   0.0779122529    0.0464316533

  SPIN UP
 Number of converged eigen-pairs per representation: 
      6      5      6      6      5      6      6      6
   total =      46
 Number of matrix-vector multiplications: 
     84     71     88     88     70     86     88     88
   total =     663
 cumulated number of matrix-vector multiplications =        7675
  SPIN DOWN
 Number of converged eigen-pairs per representation: 
      6      5      6      6      5      6      6      6
   total =      46
 Number of matrix-vector multiplications: 
     88     68     89     88     70     87     89     89
   total =     668
 cumulated number of matrix-vector multiplications =        8343

 Diagonalization time [sec] :       0.09,      tdiag_sum =        0.75


 Electrons in up, down spins:    8.00    7.00
 Net magnetic moment (in Bohr magnetons):    1.00

 Fermi level at     0.5852 [Ry]

up State   Eigenvalue [Ry]      Eigenvalue [eV]    Occup.     Repr.

    1        -1.0453771154       -14.2231919570    1.0000        1
    2        -0.7443403272       -10.1273456235    1.0000        6
    3         0.0459959784         0.6258120834    1.0000        1
    4         0.1379856956         1.8774057767    1.0000        7
    5         0.1379856964         1.8774057880    1.0000        8
    6         0.3004847663         4.0883356328    1.0000        4
    7         0.3004847669         4.0883356422    1.0000        3
    8         0.5097774530         6.9359300694    1.0000        6
    9         1.6343550962        22.2367085675    0.0000        1
   10         1.8386833425        25.0167578220    0.0000        7


dn State   Eigenvalue [Ry]      Eigenvalue [eV]    Occup.     Repr.

    1        -0.9748189090       -13.2631911124    1.0000        1
    2        -0.6793162457        -9.2426409755    1.0000        6
    3         0.1355210855         1.8438727845    1.0000        1
    4         0.1957360173         2.6631451038    1.0000        7
    5         0.1957360184         2.6631451191    1.0000        8
    6         0.3660070650         4.9798189255    1.0000        4
    7         0.3660070660         4.9798189384    1.0000        3
    8         0.6314070954         8.5907986586    0.0000        6
    9         1.6465270141        22.4023172484    0.0000        1
   10         1.8534693064        25.2179326893    0.0000        7


 Max and min values of charge density [e/bohr^3]:  0.1078E+01  0.1094E-04   up

 Max and min values of charge density [e/bohr^3]:  0.8874E+00  0.1293E-04   dn

 Hartree potential time [sec]:       0.00


   Eigenvalue Energy             =          -0.75213099 [Ry]
   Hartree Energy                =         136.74861842 [Ry]
   Integral_{Vxc*rho}            =         -25.86744521 [Ry]
   Exc = Integral{eps_xc*rho}    =         -19.70269824 [Ry]
   Electron-Ion energy           =        -339.64232939 [Ry]
   Ion-Ion Energy                =          32.83082077 [Ry]
   (E(new)-E(old))/atom  =            -0.00603472 [eV]

   Total Energy =           -98.64643281 [Ry]
   Energy/atom  =          -671.08181773 [eV]


  0-  5 up SRE of pot. & charge weighted pot =   0.0172860850    0.0122534972


  0-  5 dn SRE of pot. & charge weighted pot =   0.0179427509    0.0123968656

  SPIN UP
 Number of converged eigen-pairs per representation: 
      6      5      6      6      5      6      6      6
   total =      46
 Number of matrix-vector multiplications: 
     79     65     80     80     64     78     82     82
   total =     610
 cumulated number of matrix-vector multiplications =        8953
  SPIN DOWN
 Number of converged eigen-pairs per representation: 
      6      5      6      6      5      6      6      6
   total =      46
 Number of matrix-vector multiplications: 
     76     65     80     80     66     81     81     81
   total =     610
 cumulated number of matrix-vector multiplications =        9563

 Diagonalization time [sec] :       0.08,      tdiag_sum =        0.83


 Electrons in up, down spins:    8.00    7.00
 Net magnetic moment (in Bohr magnetons):    1.00

 Fermi level at     0.5833 [Ry]

up State   Eigenvalue [Ry]      Eigenvalue [eV]    Occup.     Repr.

    1        -1.0481027818       -14.2602768284    1.0000        1
    2        -0.7486804572       -10.1863965647    1.0000        6
    3         0.0411500736         0.5598796718    1.0000        1
    4         0.1343088749         1.8273796900    1.0000        7
    5         0.1343088756         1.8273797003    1.0000        8
    6         0.2959741711         4.0269653774    1.0000        4
    7         0.2959741717         4.0269653857    1.0000        3
    8         0.5048859584         6.8693773730    1.0000        6
    9         1.6341493145        22.2339087439    0.0000        1
   10         1.8377143683        25.0035741516    0.0000        7


dn State   Eigenvalue [Ry]      Eigenvalue [eV]    Occup.     Repr.

    1        -0.9777805505       -13.3034866135    1.0000        1
    2        -0.6840893231        -9.3075825117    1.0000        6
    3         0.1308470974         1.7802794383    1.0000        1
    4         0.1916831008         2.6080019325    1.0000        7
    5         0.1916831017         2.6080019447    1.0000        8
    6         0.3610616380         4.9125324344    1.0000        4
    7         0.3610616387         4.9125324442    1.0000        3
    8         0.6270763591         8.5318755260    0.0000        6
    9         1.6461788861        22.3975806885    0.0000        1
   10         1.8521630727        25.2001603341    0.0000        7


 Max and min values of charge density [e/bohr^3]:  0.1080E+01  0.1083E-04   up

 Max and min values of charge density [e/bohr^3]:  0.8901E+00  0.1279E-04   dn

 Hartree potential time [sec]:       0.00


   Eigenvalue Energy             =          -0.81571441 [Ry]
   Hartree Energy                =         136.85126630 [Ry]
   Integral_{Vxc*rho}            =         -25.89278739 [Ry]
   Exc = Integral{eps_xc*rho}    =         -19.72184381 [Ry]
   Electron-Ion energy           =        -339.88662294 [Ry]
   Ion-Ion Energy                =          32.83082077 [Ry]
   (E(new)-E(old))/atom  =            -0.00068188 [eV]

   Total Energy =           -98.64653304 [Ry]
   Energy/atom  =          -671.08249962 [eV]


  0-  6 up SRE of pot. & charge weighted pot =   0.0027239929    0.0015726478


  0-  6 dn SRE of pot. & charge weighted pot =   0.0027365923    0.0015864501

  SPIN UP
 Number of converged eigen-pairs per representation: 
      6      5      6      6      5      6      6      6
   total =      46
 Number of matrix-vector multiplications: 
     70     57     72     72     56     70     73     73
   total =     543
 cumulated number of matrix-vector multiplications =       10106
  SPIN DOWN
 Number of converged eigen-pairs per representation: 
      6      5      6      6      5      6      6      6
   total =      46
 Number of matrix-vector multiplications: 
     71     56     71     71     56     70     73     73
   total =     541
 cumulated number of matrix-vector multiplications =       10647

 Diagonalization time [sec] :       0.06,      tdiag_sum =        0.88


 Electrons in up, down spins:    8.00    7.00
 Net magnetic moment (in Bohr magnetons):    1.00

 Fermi level at     0.5838 [Ry]

up State   Eigenvalue [Ry]      Eigenvalue [eV]    Occup.     Repr.

    1        -1.0471370723       -14.2471375788    1.0000        1
    2        -0.7475583470       -10.1711293571    1.0000        6
    3         0.0424960242         0.5781924063    1.0000        1
    4         0.1353112296         1.8410175282    1.0000        7
    5         0.1353112303         1.8410175374    1.0000        8
    6         0.2970931595         4.0421901095    1.0000        4
    7         0.2970931600         4.0421901165    1.0000        3
    8         0.5061457839         6.8865183064    1.0000        6
    9         1.6342361882        22.2350907289    0.0000        1
   10         1.8379643794        25.0069757531    0.0000        7


dn State   Eigenvalue [Ry]      Eigenvalue [eV]    Occup.     Repr.

    1        -0.9768098528       -13.2902794958    1.0000        1
    2        -0.6831747619        -9.2951391757    1.0000        6
    3         0.1321785779         1.7983952945    1.0000        1
    4         0.1924907285         2.6189903533    1.0000        7
    5         0.1924907292         2.6189903632    1.0000        8
    6         0.3619765468         4.9249805006    1.0000        4
    7         0.3619765474         4.9249805080    1.0000        3
    8         0.6287208386         8.5542499854    0.0000        6
    9         1.6462982060        22.3992041308    0.0000        1
   10         1.8523447452        25.2026321344    0.0000        7


 Max and min values of charge density [e/bohr^3]:  0.1079E+01  0.1085E-04   up

 Max and min values of charge density [e/bohr^3]:  0.8897E+00  0.1282E-04   dn

 Hartree potential time [sec]:       0.00


   Eigenvalue Energy             =          -0.80011632 [Ry]
   Hartree Energy                =         136.82879001 [Ry]
   Integral_{Vxc*rho}            =         -25.88776531 [Ry]
   Exc = Integral{eps_xc*rho}    =         -19.71804731 [Ry]
   Electron-Ion energy           =        -339.83615792 [Ry]
   Ion-Ion Energy                =          32.83082077 [Ry]
   (E(new)-E(old))/atom  =            -0.00000226 [eV]

   Total Energy =           -98.64653337 [Ry]
   Energy/atom  =          -671.08250188 [eV]


  0-  7 up SRE of pot. & charge weighted pot =   0.0021550793    0.0014561031


  0-  7 dn SRE of pot. & charge weighted pot =   0.0021457329    0.0013842758

  SPIN UP
 Number of converged eigen-pairs per representation: 
      6      5      6      6      5      6      6      6
   total =      46
 Number of matrix-vector multiplications: 
     51     24     37     37     24     53     28     28
   total =     282
 cumulated number of matrix-vector multiplications =       10929
  SPIN DOWN
 Number of converged eigen-pairs per representation: 
      6      5      6      6      5      6      6      6
   total =      46
 Number of matrix-vector multiplications: 
     52     15     53     53     38     52     18     18
   total =     299
 cumulated number of matrix-vector multiplications =       11228

 Diagonalization time [sec] :       0.03,      tdiag_sum =        0.91


 Electrons in up, down spins:    8.00    7.00
 Net magnetic moment (in Bohr magnetons):    1.00

 Fermi level at     0.5835 [Ry]

up State   Eigenvalue [Ry]      Eigenvalue [eV]    Occup.     Repr.

    1        -1.0476230527       -14.2537497305    1.0000        1
    2        -0.7480800062       -10.1782269488    1.0000        6
    3         0.0419422552         0.5706579356    1.0000        1
    4         0.1347952163         1.8339967541    1.0000        7
    5         0.1347952170         1.8339967632    1.0000        8
    6         0.2965164630         4.0343436923    1.0000        4
    7         0.2965164635         4.0343436991    1.0000        3
    8         0.5054925114         6.8776300113    1.0000        6
    9         1.6340792719        22.2329557579    0.0000        1
   10         1.8377522773        25.0040899344    0.0000        7


dn State   Eigenvalue [Ry]      Eigenvalue [eV]    Occup.     Repr.

    1        -0.9772735053       -13.2965878586    1.0000        1
    2        -0.6837002275        -9.3022885556    1.0000        6
    3         0.1316434512         1.7911144681    1.0000        1
    4         0.1919837257         2.6120921746    1.0000        7
    5         0.1919837264         2.6120921843    1.0000        8
    6         0.3614054715         4.9172105642    1.0000        4
    7         0.3614054720         4.9172105714    1.0000        3
    8         0.6281328673         8.5462501662    0.0000        6
    9         1.6461463196        22.3971375954    0.0000        1
   10         1.8521232555        25.1996185899    0.0000        7


 Max and min values of charge density [e/bohr^3]:  0.1080E+01  0.1084E-04   up

 Max and min values of charge density [e/bohr^3]:  0.8899E+00  0.1281E-04   dn

 Hartree potential time [sec]:       0.00


   Eigenvalue Energy             =          -0.80819682 [Ry]
   Hartree Energy                =         136.83941811 [Ry]
   Integral_{Vxc*rho}            =         -25.89021816 [Ry]
   Exc = Integral{eps_xc*rho}    =         -19.71990064 [Ry]
   Electron-Ion energy           =        -339.86029634 [Ry]
   Ion-Ion Energy                =          32.83082077 [Ry]
   (E(new)-E(old))/atom  =            -0.00000740 [eV]

   Total Energy =           -98.64653446 [Ry]
   Energy/atom  =          -671.08250928 [eV]


  0-  8 up SRE of pot. & charge weighted pot =   0.0000855564    0.0000391414


  0-  8 dn SRE of pot. & charge weighted pot =   0.0000806051    0.0000477510

 No Spin Orbit Correction

Time for self-consistent field [sec] :       0.95,    tdiag_sum =        0.91

 Total charge (user input) [e] =  -1.00000000
 Total charge (computed) [e] =  -1.00000000
 Dipole components [Debye]:
 x-component =   0.00000000
 y-component =   0.00000000
 z-component =   0.00000000

 Coordinates, forces, torque
 ============================

  symmetrizing forces according to symmetry operations 
             total (net) force [Ry/bohr]:      0.000000    0.000000    0.000000

 coordinates and total forces (after setting net force to zero)
-atom-  ----x----   ----y----   ----z-----   ----Fx----  ----Fy----   ----Fz---
                       [bohr]                             [Ry/bohr]            

   1     1.492500    0.000000    0.000000      0.340463    0.000000    0.000000
   2    -1.492500    0.000000    0.000000     -0.340463    0.000000    0.000000

 total torque [Ry/radian] :     0.000000    0.000000    0.000000


Time for movement    0 is [sec]:       0.95

 =================================================================

 Setup time [sec] :        0.05
 Total time spent in Hartree potential [sec] :        0.04
 Total time spent during diagonalization [sec] :        0.91

 Total CPU time [sec] :       1.00
 Wall-clock time [sec] :       1.00
 Current date/time: 06-MAR-2018 16:26:28 -0300 UTC

 =================================================================

